<?xml version="1.0" encoding="UTF-8"?>
<testng-results skipped="0" failed="0" ignored="0" total="1" passed="1">
  <reporter-output>
  </reporter-output>
  <suite name="Surefire suite" duration-ms="11283" started-at="2018-10-30T10:11:39Z" finished-at="2018-10-30T10:11:51Z">
    <groups>
    </groups>
    <test name="Surefire test" duration-ms="11283" started-at="2018-10-30T10:11:39Z" finished-at="2018-10-30T10:11:51Z">
      <class name="com.G.P.Google.Pipeline.GoogleTest">
        <test-method status="PASS" signature="google()[pri:0, instance:com.G.P.Google.Pipeline.GoogleTest@4411d970]" name="google" duration-ms="11243" started-at="2018-10-30T11:11:39Z" finished-at="2018-10-30T11:11:51Z">
          <reporter-output>
          </reporter-output>
        </test-method> <!-- google -->
      </class> <!-- com.G.P.Google.Pipeline.GoogleTest -->
    </test> <!-- Surefire test -->
  </suite> <!-- Surefire suite -->
</testng-results>
