<?xml version="1.0" encoding="UTF-8"?>
<testng-results skipped="0" failed="0" ignored="0" total="1" passed="1">
  <reporter-output>
  </reporter-output>
  <suite name="Default suite" duration-ms="27258" started-at="2018-12-03T14:58:16Z" finished-at="2018-12-03T14:58:43Z">
    <groups>
    </groups>
    <test name="Default test" duration-ms="27258" started-at="2018-12-03T14:58:16Z" finished-at="2018-12-03T14:58:43Z">
      <class name="com.G.P.Google.Pipeline.ProceedToCheckoutTest">
        <test-method status="PASS" signature="google()[pri:0, instance:com.G.P.Google.Pipeline.ProceedToCheckoutTest@cb644e]" name="google" duration-ms="27234" started-at="2018-12-03T15:58:16Z" finished-at="2018-12-03T15:58:43Z">
          <reporter-output>
          </reporter-output>
        </test-method> <!-- google -->
      </class> <!-- com.G.P.Google.Pipeline.ProceedToCheckoutTest -->
    </test> <!-- Default test -->
  </suite> <!-- Default suite -->
</testng-results>
